<?xml version="1.0" encoding="UTF-8"?>
<testsuite name="com.revature.connectvityUtility.ConnectivityUtility" tests="1" skipped="0" failures="0" errors="0" timestamp="2022-04-01T14:46:00" hostname="DESKTOP-RVLR18L" time="0.331">
  <properties/>
  <testcase name="testConnection()" classname="com.revature.connectvityUtility.ConnectivityUtility" time="0.331"/>
  <system-out><![CDATA[]]></system-out>
  <system-err><![CDATA[]]></system-err>
</testsuite>
